<?xml version="1.0" encoding="UTF-8"?>
<!-- Generated by org.testng.reporters.JUnitReportReporter -->
<testsuite hostname="DESKTOP-NTRPD75" failures="0" tests="2" name="testngpractise.day3" time="0.003" errors="0" timestamp="2022-03-08T14:38:31 IST" skipped="1">
  <testcase classname="testngpractise.day3" name="MobileLogincarLoan" time="0.003"/>
  <system-out/>
  <testcase classname="testngpractise.day3" name="MobilesignimcarLoan">
    <skipped/>
  </testcase> <!-- MobilesignimcarLoan -->
  <system-out/>
</testsuite> <!-- testngpractise.day3 -->
