<?xml version="1.0" encoding="UTF-8"?>
<!-- Generated by org.testng.reporters.JUnitReportReporter -->
<testsuite hostname="DESKTOP-NTRPD75" failures="0" tests="1" name="testngpractise.day4" time="0.016" errors="0" timestamp="2022-03-08T14:38:31 IST" skipped="0">
  <testcase classname="testngpractise.day4" name="MobileLoginHomeLoan" time="0.016"/>
  <system-out/>
</testsuite> <!-- testngpractise.day4 -->
