<?xml version="1.0" encoding="UTF-8"?>
<!-- Generated by org.testng.reporters.JUnitReportReporter -->
<testsuite hostname="DESKTOP-NTRPD75" failures="0" tests="1" name="testngpractise.day2" time="0.003" errors="0" timestamp="2022-03-08T14:38:31 IST" skipped="0">
  <testcase classname="testngpractise.day2" name="ploan" time="0.003"/>
  <system-out/>
</testsuite> <!-- testngpractise.day2 -->
