<?xml version="1.0" encoding="UTF-8"?>
<!-- Generated by org.testng.reporters.JUnitReportReporter -->
<testsuite hostname="DESKTOP-NTRPD75" failures="0" tests="2" name="testngpractise.t1" time="0.003" errors="0" timestamp="2022-03-08T14:38:31 IST" skipped="0">
  <testcase classname="testngpractise.t1" name="NheyDude" time="0.001"/>
  <system-out/>
  <testcase classname="testngpractise.t1" name="BheyDude" time="0.002"/>
  <system-out/>
</testsuite> <!-- testngpractise.t1 -->
